<?xml version="1.0" encoding="UTF-8"?>
<!-- Generated by org.testng.reporters.JUnitReportReporter -->
<testsuite skipped="0" hostname="comp18" name="com.example.demo.DemoApplicationTests" tests="1" failures="0" timestamp="14 Jun 2019 16:25:14 GMT" time="0.014" errors="0">
  <testcase name="contextLoads" time="0.014" classname="com.example.demo.DemoApplicationTests"/>
</testsuite> <!-- com.example.demo.DemoApplicationTests -->
